2025-08-07T01:36:04.716Z [main] INFO  p.c.s.AutomationExerciseCompleteTest - === Setting up TestAutomation_with_DevTools test suite ===
2025-08-07T01:36:04.729Z [main] INFO  p.c.saucedemo.utils.MetricsExporter - ‚úÖ DevTools MetricsExporter initialized with PushGateway: localhost:9091
2025-08-07T01:36:06.377Z [main] INFO  i.g.bonigarcia.wdm.WebDriverManager - Using chromedriver 138.0.7204.183 (resolved driver for Chrome 138)
2025-08-07T01:36:06.416Z [main] INFO  i.g.bonigarcia.wdm.WebDriverManager - Exporting webdriver.chrome.driver as C:\Users\kavci\.cache\selenium\chromedriver\win64\138.0.7204.183\chromedriver.exe
2025-08-07T01:36:08.555Z [main] INFO  p.c.saucedemo.config.WebDriverConfig - TestAutomation_with_DevTools WebDriver initialized successfully for browser: chrome
2025-08-07T01:36:08.789Z [main] INFO  p.c.s.utils.TestDataGenerator - Generated user info: UserInfo{firstName='Reatha', lastName='Fisher', email='ray.ratke@gmail.com', password='^T5Tdrkkcp7WmUF'}
2025-08-07T01:36:08.793Z [main] INFO  p.c.s.AutomationExerciseCompleteTest - TestAutomation_with_DevTools setup completed successfully with DevTools monitoring
2025-08-07T01:36:08.807Z [main] INFO  p.c.s.AutomationExerciseCompleteTest - === Step 1: Creating new account with TestAutomation_with_DevTools ===
2025-08-07T01:36:08.808Z [main] INFO  p.com.saucedemo.utils.SeleniumTracer - üöÄ Navigating to: https://www.automationexercise.com - Home page
2025-08-07T01:36:11.387Z [main] INFO  p.com.saucedemo.utils.SeleniumTracer - ‚úÖ Navigation completed in 2579ms: https://www.automationexercise.com
2025-08-07T01:36:11.388Z [main] INFO  p.c.s.AutomationExerciseCompleteTest - Enabling DevTools network monitoring...
2025-08-07T01:36:11.388Z [main] INFO  p.com.saucedemo.utils.NetworkTracer - Enabling DevTools network monitoring for TestAutomation_with_DevTools...
2025-08-07T01:36:11.389Z [main] INFO  p.com.saucedemo.utils.NetworkTracer - Chrome driver detected, initializing DevTools...
2025-08-07T01:36:11.394Z [main] ERROR p.com.saucedemo.utils.NetworkTracer - ‚ùå DevTools failed to initialize: You are using a no-op implementation of the CDP. The most likely reason for this is that Selenium was unable to find an implementation of the CDP protocol that matches your browser. Please be sure to include an implementation on the classpath, possibly by adding a new (maven) dependency of `org.seleniumhq.selenium:selenium-devtools-vNN:4.18.1` where `NN` matches the major version of the browser you're using.
Build info: version: '4.18.1', revision: 'b1d3319b48'
System info: os.name: 'Windows 10', os.arch: 'amd64', os.version: '10.0', java.version: '21'
Driver info: DevTools Connection
2025-08-07T01:36:11.394Z [main] ERROR p.com.saucedemo.utils.NetworkTracer - Stack trace:
org.openqa.selenium.devtools.DevToolsException: You are using a no-op implementation of the CDP. The most likely reason for this is that Selenium was unable to find an implementation of the CDP protocol that matches your browser. Please be sure to include an implementation on the classpath, possibly by adding a new (maven) dependency of `org.seleniumhq.selenium:selenium-devtools-vNN:4.18.1` where `NN` matches the major version of the browser you're using.
Build info: version: '4.18.1', revision: 'b1d3319b48'
System info: os.name: 'Windows 10', os.arch: 'amd64', os.version: '10.0', java.version: '21'
Driver info: DevTools Connection
	at org.openqa.selenium.devtools.noop.NoOpDomains.target(NoOpDomains.java:60)
	at org.openqa.selenium.devtools.DevTools.findTarget(DevTools.java:171)
	at org.openqa.selenium.devtools.DevTools.createSession(DevTools.java:131)
	at org.openqa.selenium.devtools.DevTools.createSession(DevTools.java:117)
	at proje.com.saucedemo.utils.NetworkTracer.enableNetworkLogging(NetworkTracer.java:47)
	at proje.com.saucedemo.AutomationExerciseCompleteTest.testCreateAccount(AutomationExerciseCompleteTest.java:147)
	at java.base/jdk.internal.reflect.DirectMethodHandleAccessor.invoke(DirectMethodHandleAccessor.java:103)
	at java.base/java.lang.reflect.Method.invoke(Method.java:580)
	at org.junit.platform.commons.util.ReflectionUtils.invokeMethod(ReflectionUtils.java:728)
	at org.junit.jupiter.engine.execution.MethodInvocation.proceed(MethodInvocation.java:60)
	at org.junit.jupiter.engine.execution.InvocationInterceptorChain$ValidatingInvocation.proceed(InvocationInterceptorChain.java:131)
	at org.junit.jupiter.engine.extension.TimeoutExtension.intercept(TimeoutExtension.java:156)
	at org.junit.jupiter.engine.extension.TimeoutExtension.interceptTestableMethod(TimeoutExtension.java:147)
	at org.junit.jupiter.engine.extension.TimeoutExtension.interceptTestMethod(TimeoutExtension.java:86)
	at org.junit.jupiter.engine.execution.InterceptingExecutableInvoker$ReflectiveInterceptorCall.lambda$ofVoidMethod$0(InterceptingExecutableInvoker.java:103)
	at org.junit.jupiter.engine.execution.InterceptingExecutableInvoker.lambda$invoke$0(InterceptingExecutableInvoker.java:93)
	at org.junit.jupiter.engine.execution.InvocationInterceptorChain$InterceptedInvocation.proceed(InvocationInterceptorChain.java:106)
	at org.junit.jupiter.engine.execution.InvocationInterceptorChain.proceed(InvocationInterceptorChain.java:64)
	at org.junit.jupiter.engine.execution.InvocationInterceptorChain.chainAndInvoke(InvocationInterceptorChain.java:45)
	at org.junit.jupiter.engine.execution.InvocationInterceptorChain.invoke(InvocationInterceptorChain.java:37)
	at org.junit.jupiter.engine.execution.InterceptingExecutableInvoker.invoke(InterceptingExecutableInvoker.java:92)
	at org.junit.jupiter.engine.execution.InterceptingExecutableInvoker.invoke(InterceptingExecutableInvoker.java:86)
	at org.junit.jupiter.engine.descriptor.TestMethodTestDescriptor.lambda$invokeTestMethod$7(TestMethodTestDescriptor.java:218)
	at org.junit.platform.engine.support.hierarchical.ThrowableCollector.execute(ThrowableCollector.java:73)
	at org.junit.jupiter.engine.descriptor.TestMethodTestDescriptor.invokeTestMethod(TestMethodTestDescriptor.java:214)
	at org.junit.jupiter.engine.descriptor.TestMethodTestDescriptor.execute(TestMethodTestDescriptor.java:139)
	at org.junit.jupiter.engine.descriptor.TestMethodTestDescriptor.execute(TestMethodTestDescriptor.java:69)
	at org.junit.platform.engine.support.hierarchical.NodeTestTask.lambda$executeRecursively$6(NodeTestTask.java:151)
	at org.junit.platform.engine.support.hierarchical.ThrowableCollector.execute(ThrowableCollector.java:73)
	at org.junit.platform.engine.support.hierarchical.NodeTestTask.lambda$executeRecursively$8(NodeTestTask.java:141)
	at org.junit.platform.engine.support.hierarchical.Node.around(Node.java:137)
	at org.junit.platform.engine.support.hierarchical.NodeTestTask.lambda$executeRecursively$9(NodeTestTask.java:139)
	at org.junit.platform.engine.support.hierarchical.ThrowableCollector.execute(ThrowableCollector.java:73)
	at org.junit.platform.engine.support.hierarchical.NodeTestTask.executeRecursively(NodeTestTask.java:138)
	at org.junit.platform.engine.support.hierarchical.NodeTestTask.execute(NodeTestTask.java:95)
	at java.base/java.util.ArrayList.forEach(ArrayList.java:1596)
	at org.junit.platform.engine.support.hierarchical.SameThreadHierarchicalTestExecutorService.invokeAll(SameThreadHierarchicalTestExecutorService.java:41)
	at org.junit.platform.engine.support.hierarchical.NodeTestTask.lambda$executeRecursively$6(NodeTestTask.java:155)
	at org.junit.platform.engine.support.hierarchical.ThrowableCollector.execute(ThrowableCollector.java:73)
	at org.junit.platform.engine.support.hierarchical.NodeTestTask.lambda$executeRecursively$8(NodeTestTask.java:141)
	at org.junit.platform.engine.support.hierarchical.Node.around(Node.java:137)
	at org.junit.platform.engine.support.hierarchical.NodeTestTask.lambda$executeRecursively$9(NodeTestTask.java:139)
	at org.junit.platform.engine.support.hierarchical.ThrowableCollector.execute(ThrowableCollector.java:73)
	at org.junit.platform.engine.support.hierarchical.NodeTestTask.executeRecursively(NodeTestTask.java:138)
	at org.junit.platform.engine.support.hierarchical.NodeTestTask.execute(NodeTestTask.java:95)
	at java.base/java.util.ArrayList.forEach(ArrayList.java:1596)
	at org.junit.platform.engine.support.hierarchical.SameThreadHierarchicalTestExecutorService.invokeAll(SameThreadHierarchicalTestExecutorService.java:41)
	at org.junit.platform.engine.support.hierarchical.NodeTestTask.lambda$executeRecursively$6(NodeTestTask.java:155)
	at org.junit.platform.engine.support.hierarchical.ThrowableCollector.execute(ThrowableCollector.java:73)
	at org.junit.platform.engine.support.hierarchical.NodeTestTask.lambda$executeRecursively$8(NodeTestTask.java:141)
	at org.junit.platform.engine.support.hierarchical.Node.around(Node.java:137)
	at org.junit.platform.engine.support.hierarchical.NodeTestTask.lambda$executeRecursively$9(NodeTestTask.java:139)
	at org.junit.platform.engine.support.hierarchical.ThrowableCollector.execute(ThrowableCollector.java:73)
	at org.junit.platform.engine.support.hierarchical.NodeTestTask.executeRecursively(NodeTestTask.java:138)
	at org.junit.platform.engine.support.hierarchical.NodeTestTask.execute(NodeTestTask.java:95)
	at org.junit.platform.engine.support.hierarchical.SameThreadHierarchicalTestExecutorService.submit(SameThreadHierarchicalTestExecutorService.java:35)
	at org.junit.platform.engine.support.hierarchical.HierarchicalTestExecutor.execute(HierarchicalTestExecutor.java:57)
	at org.junit.platform.engine.support.hierarchical.HierarchicalTestEngine.execute(HierarchicalTestEngine.java:54)
	at org.junit.platform.launcher.core.EngineExecutionOrchestrator.execute(EngineExecutionOrchestrator.java:198)
	at org.junit.platform.launcher.core.EngineExecutionOrchestrator.execute(EngineExecutionOrchestrator.java:169)
	at org.junit.platform.launcher.core.EngineExecutionOrchestrator.execute(EngineExecutionOrchestrator.java:93)
	at org.junit.platform.launcher.core.EngineExecutionOrchestrator.lambda$execute$0(EngineExecutionOrchestrator.java:58)
	at org.junit.platform.launcher.core.EngineExecutionOrchestrator.withInterceptedStreams(EngineExecutionOrchestrator.java:141)
	at org.junit.platform.launcher.core.EngineExecutionOrchestrator.execute(EngineExecutionOrchestrator.java:57)
	at org.junit.platform.launcher.core.DefaultLauncher.execute(DefaultLauncher.java:103)
	at org.junit.platform.launcher.core.DefaultLauncher.execute(DefaultLauncher.java:85)
	at org.junit.platform.launcher.core.DelegatingLauncher.execute(DelegatingLauncher.java:47)
	at org.junit.platform.launcher.core.SessionPerRequestLauncher.execute(SessionPerRequestLauncher.java:63)
	at com.intellij.junit5.JUnit5IdeaTestRunner.startRunnerWithArgs(JUnit5IdeaTestRunner.java:57)
	at com.intellij.rt.junit.IdeaTestRunner$Repeater$1.execute(IdeaTestRunner.java:38)
	at com.intellij.rt.execution.junit.TestsRepeater.repeat(TestsRepeater.java:11)
	at com.intellij.rt.junit.IdeaTestRunner$Repeater.startRunnerWithArgs(IdeaTestRunner.java:35)
	at com.intellij.rt.junit.JUnitStarter.prepareStreamsAndStart(JUnitStarter.java:231)
	at com.intellij.rt.junit.JUnitStarter.main(JUnitStarter.java:55)
2025-08-07T01:36:11.405Z [main] INFO  p.c.s.AutomationExerciseCompleteTest - DevTools network monitoring enabled successfully
2025-08-07T01:36:11.405Z [main] INFO  proje.com.saucedemo.pages.HomePage - Clicking on Signup/Login link
2025-08-07T01:36:13.820Z [main] INFO  proje.com.saucedemo.pages.HomePage - Successfully clicked on Signup/Login link
2025-08-07T01:36:13.820Z [main] INFO  p.com.saucedemo.utils.SeleniumTracer - üéØ Element Interaction: SignupLogin Link - click (5013ms)
2025-08-07T01:36:13.821Z [main] INFO  p.c.saucedemo.pages.SignupLoginPage - Starting signup process with name: Reatha Fisher and email: ray.ratke@gmail.com
2025-08-07T01:36:14.305Z [main] INFO  p.c.saucedemo.pages.SignupLoginPage - Signup form submitted
2025-08-07T01:36:14.305Z [main] INFO  p.com.saucedemo.utils.SeleniumTracer - üéØ Element Interaction: Signup Form - submit (5498ms)
2025-08-07T01:36:26.724Z [main] INFO  p.c.s.utils.TestDataGenerator - Generated account info: AccountInfo{title='Mrs', firstName='Vito', lastName='Volkman', company='Emmerich-Carroll', address1='7226 Weber Gateway, Lake Frankie, OH 86972', address2='Apt. 647 197 Jerde Inlet, Lakeishaborough, ND 76120-3863', country='Togo', state='Idaho', city='South Jamaal', zipcode='31089-3958', mobileNumber='(890) 572-9080', day='28', month='11', year='1991'}
2025-08-07T01:36:26.746Z [main] INFO  p.c.saucedemo.pages.SignupLoginPage - Filling account information form
2025-08-07T01:36:29.115Z [main] INFO  p.c.saucedemo.pages.SignupLoginPage - Account information form filled successfully
2025-08-07T01:36:29.115Z [main] INFO  p.com.saucedemo.utils.SeleniumTracer - üéØ Element Interaction: Account Details - fill (20308ms)
2025-08-07T01:36:29.116Z [main] INFO  p.c.saucedemo.pages.SignupLoginPage - Creating account
2025-08-07T01:36:31.077Z [main] INFO  p.c.saucedemo.pages.SignupLoginPage - Account creation initiated
2025-08-07T01:36:31.078Z [main] INFO  p.com.saucedemo.utils.SeleniumTracer - üéØ Element Interaction: Create Account Button - click (22271ms)
2025-08-07T01:36:31.115Z [main] INFO  p.c.saucedemo.pages.SignupLoginPage - Account created successfully
2025-08-07T01:36:31.115Z [main] INFO  p.c.s.v.VerificationHelper - Account created successfully
2025-08-07T01:36:31.115Z [main] INFO  p.com.saucedemo.utils.SeleniumTracer - ‚úÖ Test Step: Account Creation Verification - Verify account was created successfully (22308ms)
2025-08-07T01:36:31.115Z [main] INFO  p.com.saucedemo.utils.SeleniumTracer - ‚úÖ Test Step: Create Account - Successfully created user account (22308ms)
2025-08-07T01:36:31.116Z [main] INFO  p.c.s.AutomationExerciseCompleteTest - === Step 1 completed: Account created successfully with TestAutomation_with_DevTools ===
2025-08-07T01:36:31.129Z [main] INFO  p.c.s.AutomationExerciseCompleteTest - === Step 2: Adding products to cart with TestAutomation_with_DevTools ===
2025-08-07T01:36:31.130Z [main] INFO  p.com.saucedemo.pages.ProductsPage - Navigating to products page
2025-08-07T01:36:33.197Z [main] INFO  p.com.saucedemo.pages.ProductsPage - Successfully navigated to products page
2025-08-07T01:36:33.198Z [main] INFO  p.com.saucedemo.utils.SeleniumTracer - üåê Page Navigation: Products - https://www.automationexercise.com/products (2069ms)
2025-08-07T01:36:33.219Z [main] INFO  p.c.s.v.VerificationHelper - Products page loaded successfully
2025-08-07T01:36:33.219Z [main] INFO  p.com.saucedemo.pages.ProductsPage - Adding random product to cart
2025-08-07T01:36:33.219Z [main] INFO  p.com.saucedemo.pages.ProductsPage - Getting all add to cart buttons
2025-08-07T01:36:43.389Z [main] ERROR p.c.s.AutomationExerciseCompleteTest - Step 2 failed: Expected condition failed: waiting for element to be clickable: [[ChromeDriver: chrome on windows (6d1441b47c0c4a2439942ac234987828)] -> css selector: .add-to-cart] (tried for 10 second(s) with 500 milliseconds interval)
Build info: version: '4.18.1', revision: 'b1d3319b48'
System info: os.name: 'Windows 10', os.arch: 'amd64', os.version: '10.0', java.version: '21'
Driver info: org.openqa.selenium.chrome.ChromeDriver
Capabilities {acceptInsecureCerts: false, browserName: chrome, browserVersion: 138.0.7204.185, chrome: {chromedriverVersion: 138.0.7204.183 (e90faf484dd..., userDataDir: C:\Users\kavci\AppData\Loca...}, fedcm:accounts: true, goog:chromeOptions: {debuggerAddress: localhost:64370}, networkConnectionEnabled: false, pageLoadStrategy: normal, platformName: windows, proxy: Proxy(), se:cdp: ws://localhost:64370/devtoo..., se:cdpVersion: 138.0.7204.185, setWindowRect: true, strictFileInteractability: false, timeouts: {implicit: 0, pageLoad: 300000, script: 30000}, unhandledPromptBehavior: dismiss and notify, webauthn:extension:credBlob: true, webauthn:extension:largeBlob: true, webauthn:extension:minPinLength: true, webauthn:extension:prf: true, webauthn:virtualAuthenticators: true}
Session ID: 6d1441b47c0c4a2439942ac234987828
2025-08-07T01:36:43.390Z [main] ERROR p.com.saucedemo.utils.SeleniumTracer - ‚ùå Test Step: Add Products - Failed to add products to cart (12261ms)
2025-08-07T01:36:43.427Z [main] INFO  p.c.s.AutomationExerciseCompleteTest - === Step 3: Verifying cart products with TestAutomation_with_DevTools ===
2025-08-07T01:36:43.428Z [main] INFO  proje.com.saucedemo.pages.CartPage - Navigating to cart page
2025-08-07T01:36:54.686Z [main] ERROR p.c.s.AutomationExerciseCompleteTest - Step 3 failed: Expected condition failed: waiting for visibility of element located by By.cssSelector: .breadcrumbs h2 (tried for 10 second(s) with 500 milliseconds interval)
Build info: version: '4.18.1', revision: 'b1d3319b48'
System info: os.name: 'Windows 10', os.arch: 'amd64', os.version: '10.0', java.version: '21'
Driver info: org.openqa.selenium.chrome.ChromeDriver
Capabilities {acceptInsecureCerts: false, browserName: chrome, browserVersion: 138.0.7204.185, chrome: {chromedriverVersion: 138.0.7204.183 (e90faf484dd..., userDataDir: C:\Users\kavci\AppData\Loca...}, fedcm:accounts: true, goog:chromeOptions: {debuggerAddress: localhost:64370}, networkConnectionEnabled: false, pageLoadStrategy: normal, platformName: windows, proxy: Proxy(), se:cdp: ws://localhost:64370/devtoo..., se:cdpVersion: 138.0.7204.185, setWindowRect: true, strictFileInteractability: false, timeouts: {implicit: 0, pageLoad: 300000, script: 30000}, unhandledPromptBehavior: dismiss and notify, webauthn:extension:credBlob: true, webauthn:extension:largeBlob: true, webauthn:extension:minPinLength: true, webauthn:extension:prf: true, webauthn:virtualAuthenticators: true}
Session ID: 6d1441b47c0c4a2439942ac234987828
2025-08-07T01:36:54.687Z [main] ERROR p.com.saucedemo.utils.SeleniumTracer - ‚ùå Test Step: Verify Cart - Failed to verify cart products (11260ms)
2025-08-07T01:36:54.693Z [main] INFO  p.c.s.AutomationExerciseCompleteTest - === Step 4: Proceeding to checkout with TestAutomation_with_DevTools ===
2025-08-07T01:36:54.693Z [main] INFO  proje.com.saucedemo.pages.CartPage - Clicking on Proceed to Checkout button
2025-08-07T01:37:04.731Z [main] ERROR p.c.s.AutomationExerciseCompleteTest - Step 4 failed: Expected condition failed: waiting for element to be clickable: By.cssSelector: .btn.check_out (tried for 10 second(s) with 500 milliseconds interval)
Build info: version: '4.18.1', revision: 'b1d3319b48'
System info: os.name: 'Windows 10', os.arch: 'amd64', os.version: '10.0', java.version: '21'
Driver info: org.openqa.selenium.chrome.ChromeDriver
Capabilities {acceptInsecureCerts: false, browserName: chrome, browserVersion: 138.0.7204.185, chrome: {chromedriverVersion: 138.0.7204.183 (e90faf484dd..., userDataDir: C:\Users\kavci\AppData\Loca...}, fedcm:accounts: true, goog:chromeOptions: {debuggerAddress: localhost:64370}, networkConnectionEnabled: false, pageLoadStrategy: normal, platformName: windows, proxy: Proxy(), se:cdp: ws://localhost:64370/devtoo..., se:cdpVersion: 138.0.7204.185, setWindowRect: true, strictFileInteractability: false, timeouts: {implicit: 0, pageLoad: 300000, script: 30000}, unhandledPromptBehavior: dismiss and notify, webauthn:extension:credBlob: true, webauthn:extension:largeBlob: true, webauthn:extension:minPinLength: true, webauthn:extension:prf: true, webauthn:virtualAuthenticators: true}
Session ID: 6d1441b47c0c4a2439942ac234987828
2025-08-07T01:37:04.731Z [main] ERROR p.com.saucedemo.utils.SeleniumTracer - ‚ùå Test Step: Proceed Checkout - Failed to proceed to checkout (10038ms)
2025-08-07T01:37:04.735Z [main] INFO  p.c.s.AutomationExerciseCompleteTest - === Step 5: Filling checkout information with TestAutomation_with_DevTools ===
2025-08-07T01:37:04.739Z [main] INFO  p.c.s.utils.TestDataGenerator - Generated checkout info: CheckoutInfo{firstName='Karina', lastName='Schulist', postalCode='79695', address='7542 Morar Mills, Nannettemouth, NY 99497-4934', city='Lake Charla', state='South Carolina', phone='(925) 913-8741 x813', country='Malawi'}
2025-08-07T01:37:04.743Z [main] INFO  p.com.saucedemo.pages.CheckoutPage - Filling delivery address information
2025-08-07T01:37:14.772Z [main] ERROR p.c.s.AutomationExerciseCompleteTest - Step 5 failed: Expected condition failed: waiting for visibility of element located by By.id: name (tried for 10 second(s) with 500 milliseconds interval)
Build info: version: '4.18.1', revision: 'b1d3319b48'
System info: os.name: 'Windows 10', os.arch: 'amd64', os.version: '10.0', java.version: '21'
Driver info: org.openqa.selenium.chrome.ChromeDriver
Capabilities {acceptInsecureCerts: false, browserName: chrome, browserVersion: 138.0.7204.185, chrome: {chromedriverVersion: 138.0.7204.183 (e90faf484dd..., userDataDir: C:\Users\kavci\AppData\Loca...}, fedcm:accounts: true, goog:chromeOptions: {debuggerAddress: localhost:64370}, networkConnectionEnabled: false, pageLoadStrategy: normal, platformName: windows, proxy: Proxy(), se:cdp: ws://localhost:64370/devtoo..., se:cdpVersion: 138.0.7204.185, setWindowRect: true, strictFileInteractability: false, timeouts: {implicit: 0, pageLoad: 300000, script: 30000}, unhandledPromptBehavior: dismiss and notify, webauthn:extension:credBlob: true, webauthn:extension:largeBlob: true, webauthn:extension:minPinLength: true, webauthn:extension:prf: true, webauthn:virtualAuthenticators: true}
Session ID: 6d1441b47c0c4a2439942ac234987828
2025-08-07T01:37:14.772Z [main] ERROR p.com.saucedemo.utils.SeleniumTracer - ‚ùå Test Step: Fill Checkout - Failed to fill checkout information (10037ms)
2025-08-07T01:37:14.776Z [main] INFO  p.c.s.AutomationExerciseCompleteTest - === Step 6: Completing payment with TestAutomation_with_DevTools ===
2025-08-07T01:37:14.776Z [main] INFO  p.com.saucedemo.pages.PaymentPage - Completing payment with random card data
2025-08-07T01:37:14.777Z [main] INFO  p.com.saucedemo.pages.PaymentPage - Filling card information
2025-08-07T01:37:24.822Z [main] ERROR p.c.s.AutomationExerciseCompleteTest - Step 6 failed: Expected condition failed: waiting for visibility of element located by By.id: name_on_card (tried for 10 second(s) with 500 milliseconds interval)
Build info: version: '4.18.1', revision: 'b1d3319b48'
System info: os.name: 'Windows 10', os.arch: 'amd64', os.version: '10.0', java.version: '21'
Driver info: org.openqa.selenium.chrome.ChromeDriver
Capabilities {acceptInsecureCerts: false, browserName: chrome, browserVersion: 138.0.7204.185, chrome: {chromedriverVersion: 138.0.7204.183 (e90faf484dd..., userDataDir: C:\Users\kavci\AppData\Loca...}, fedcm:accounts: true, goog:chromeOptions: {debuggerAddress: localhost:64370}, networkConnectionEnabled: false, pageLoadStrategy: normal, platformName: windows, proxy: Proxy(), se:cdp: ws://localhost:64370/devtoo..., se:cdpVersion: 138.0.7204.185, setWindowRect: true, strictFileInteractability: false, timeouts: {implicit: 0, pageLoad: 300000, script: 30000}, unhandledPromptBehavior: dismiss and notify, webauthn:extension:credBlob: true, webauthn:extension:largeBlob: true, webauthn:extension:minPinLength: true, webauthn:extension:prf: true, webauthn:virtualAuthenticators: true}
Session ID: 6d1441b47c0c4a2439942ac234987828
2025-08-07T01:37:24.822Z [main] ERROR p.com.saucedemo.utils.SeleniumTracer - ‚ùå Test Step: Complete Payment - Failed to complete payment (10046ms)
2025-08-07T01:37:24.826Z [main] INFO  p.c.s.AutomationExerciseCompleteTest - === Step 7: Verifying order completion with TestAutomation_with_DevTools ===
2025-08-07T01:37:24.827Z [main] INFO  proje.com.saucedemo.pages.HomePage - Navigating to AutomationExercise home page
2025-08-07T01:37:29.863Z [main] INFO  proje.com.saucedemo.pages.HomePage - Successfully navigated to home page
2025-08-07T01:37:29.863Z [main] INFO  p.com.saucedemo.utils.SeleniumTracer - üåê Page Navigation: Home - https://www.automationexercise.com (5037ms)
2025-08-07T01:37:29.889Z [main] INFO  p.c.s.v.VerificationHelper - Home page loaded successfully
2025-08-07T01:37:29.902Z [main] INFO  p.c.s.v.VerificationHelper - URL verification successful: https://www.automationexercise.com/
2025-08-07T01:37:29.903Z [main] INFO  p.com.saucedemo.utils.SeleniumTracer - ‚úÖ Test Step: Verify Completion - Successfully verified order completion (5077ms)
2025-08-07T01:37:29.903Z [main] INFO  p.c.s.AutomationExerciseCompleteTest - === Step 7 completed: Order completion verified with TestAutomation_with_DevTools ===
2025-08-07T01:37:29.906Z [main] INFO  p.c.s.AutomationExerciseCompleteTest - === Complete End-to-End Test Flow with TestAutomation_with_DevTools ===
2025-08-07T01:37:29.906Z [main] INFO  p.com.saucedemo.utils.SeleniumTracer - ‚úÖ Test Step: Complete Flow - All test steps completed successfully (0ms)
2025-08-07T01:37:29.907Z [main] INFO  p.c.s.AutomationExerciseCompleteTest - All test steps completed successfully with TestAutomation_with_DevTools!
2025-08-07T01:37:29.907Z [main] INFO  p.c.s.AutomationExerciseCompleteTest - User created: ray.ratke@gmail.com
2025-08-07T01:37:29.907Z [main] INFO  p.c.s.AutomationExerciseCompleteTest - Products added to cart and order completed
2025-08-07T01:37:29.907Z [main] INFO  p.c.s.AutomationExerciseCompleteTest - Network requests captured: 0
2025-08-07T01:37:29.908Z [main] INFO  p.c.s.AutomationExerciseCompleteTest - === Complete End-to-End Test Flow completed with TestAutomation_with_DevTools ===
2025-08-07T01:37:29.912Z [main] INFO  p.c.s.AutomationExerciseCompleteTest - === Cleaning up TestAutomation_with_DevTools test resources ===
2025-08-07T01:37:29.912Z [main] INFO  p.c.s.AutomationExerciseCompleteTest - DevTools enabled: false
2025-08-07T01:37:29.912Z [main] INFO  p.c.s.AutomationExerciseCompleteTest - Total HTTP requests captured: 0
2025-08-07T01:37:29.928Z [main] ERROR p.c.saucedemo.utils.MetricsExporter - Failed to push metrics to PushGateway: Response code from http://localhost:9091/metrics/job/selenium-devtools-metrics/browser/chrome/test_name/AutomationExerciseCompleteTest was 400, response body: pushed metrics are invalid or inconsistent with existing metrics: 2 error(s) occurred:
* collected metric "test_execution_count_total" { label:{name:"browser" value:"chrome"} label:{name:"instance" value:""} label:{name:"job" value:"selenium-devtools-metrics"} label:{name:"status" value:"started"} label:{name:"test_name" value:"AutomationExerciseCompleteTest"} counter:{value:1}} was collected before with the same name and label values
* collected metric "test_execution_count_created" { label:{name:"browser" value:"chrome"} label:{name:"instance" value:""} label:{name:"job" value:"selenium-devtools-metrics"} label:{name:"status" value:"started"} label:{name:"test_name" value:"AutomationExerciseCompleteTest"} gauge:{value:1.754519768808e+09}} was collected before with the same name and label values

2025-08-07T01:37:29.934Z [main] INFO  p.com.saucedemo.utils.NetworkTracer - DevTools session closed for TestAutomation_with_DevTools
2025-08-07T01:37:30.843Z [main] INFO  p.c.saucedemo.config.WebDriverConfig - TestAutomation_with_DevTools WebDriver quit successfully
2025-08-07T01:37:30.844Z [main] INFO  p.c.s.AutomationExerciseCompleteTest - WebDriver quit successfully
2025-08-07T01:37:30.844Z [main] INFO  p.c.s.AutomationExerciseCompleteTest - === TestAutomation_with_DevTools test suite cleanup completed ===
2025-08-07T01:51:01.431Z [main] INFO  p.c.s.AutomationExerciseCompleteTest - === Setting up TestAutomation_with_DevTools test suite ===
2025-08-07T01:51:01.449Z [main] INFO  p.c.saucedemo.utils.MetricsExporter - ‚úÖ DevTools MetricsExporter initialized with PushGateway: localhost:9091
2025-08-07T01:51:02.111Z [main] INFO  i.g.bonigarcia.wdm.WebDriverManager - Using chromedriver 138.0.7204.183 (resolved driver for Chrome 138)
2025-08-07T01:51:02.178Z [main] INFO  i.g.bonigarcia.wdm.WebDriverManager - Exporting webdriver.chrome.driver as C:\Users\kavci\.cache\selenium\chromedriver\win64\138.0.7204.183\chromedriver.exe
2025-08-07T01:51:05.018Z [main] INFO  p.c.saucedemo.config.WebDriverConfig - TestAutomation_with_DevTools WebDriver initialized successfully for browser: chrome
2025-08-07T01:51:05.396Z [main] INFO  p.c.s.utils.TestDataGenerator - Generated user info: UserInfo{firstName='Dannielle', lastName='Russel', email='gertrud.lubowitz@yahoo.com', password='FN%@kn2d15L'}
2025-08-07T01:51:05.403Z [main] INFO  p.c.s.AutomationExerciseCompleteTest - TestAutomation_with_DevTools setup completed successfully with DevTools monitoring
2025-08-07T01:51:05.426Z [main] INFO  p.c.s.AutomationExerciseCompleteTest - === Step 5: Filling checkout information with TestAutomation_with_DevTools ===
2025-08-07T01:51:05.462Z [main] INFO  p.c.s.utils.TestDataGenerator - Generated checkout info: CheckoutInfo{firstName='Caroyln', lastName='Wyman', postalCode='58117', address='Apt. 630 8798 Prohaska Walk, North Fredafort, ND 42626-0306', city='Johnsonville', state='Colorado', phone='271-758-7156 x28163', country='Mozambique'}
2025-08-07T01:51:05.467Z [main] INFO  p.com.saucedemo.pages.CheckoutPage - Filling delivery address information
2025-08-07T01:51:15.503Z [main] ERROR p.c.s.AutomationExerciseCompleteTest - Step 5 failed: Expected condition failed: waiting for visibility of element located by By.id: name (tried for 10 second(s) with 500 milliseconds interval)
Build info: version: '4.18.1', revision: 'b1d3319b48'
System info: os.name: 'Windows 10', os.arch: 'amd64', os.version: '10.0', java.version: '21'
Driver info: org.openqa.selenium.chrome.ChromeDriver
Capabilities {acceptInsecureCerts: false, browserName: chrome, browserVersion: 138.0.7204.185, chrome: {chromedriverVersion: 138.0.7204.183 (e90faf484dd..., userDataDir: C:\Users\kavci\AppData\Loca...}, fedcm:accounts: true, goog:chromeOptions: {debuggerAddress: localhost:50274}, networkConnectionEnabled: false, pageLoadStrategy: normal, platformName: windows, proxy: Proxy(), se:cdp: ws://localhost:50274/devtoo..., se:cdpVersion: 138.0.7204.185, setWindowRect: true, strictFileInteractability: false, timeouts: {implicit: 0, pageLoad: 300000, script: 30000}, unhandledPromptBehavior: dismiss and notify, webauthn:extension:credBlob: true, webauthn:extension:largeBlob: true, webauthn:extension:minPinLength: true, webauthn:extension:prf: true, webauthn:virtualAuthenticators: true}
Session ID: 3521041c5ef710432d64b5b487938bc3
2025-08-07T01:51:15.503Z [main] ERROR p.com.saucedemo.utils.SeleniumTracer - ‚ùå Test Step: Fill Checkout - Failed to fill checkout information (10077ms)
2025-08-07T01:51:15.538Z [main] INFO  p.c.s.AutomationExerciseCompleteTest - === Cleaning up TestAutomation_with_DevTools test resources ===
2025-08-07T01:51:15.538Z [main] INFO  p.c.s.AutomationExerciseCompleteTest - DevTools enabled: false
2025-08-07T01:51:15.539Z [main] INFO  p.c.s.AutomationExerciseCompleteTest - Total HTTP requests captured: 0
2025-08-07T01:51:15.924Z [main] INFO  p.c.saucedemo.config.WebDriverConfig - TestAutomation_with_DevTools WebDriver quit successfully
2025-08-07T01:51:15.924Z [main] INFO  p.c.s.AutomationExerciseCompleteTest - WebDriver quit successfully
2025-08-07T01:51:15.924Z [main] INFO  p.c.s.AutomationExerciseCompleteTest - === TestAutomation_with_DevTools test suite cleanup completed ===
2025-08-07T01:55:47.211Z [main] INFO  p.c.s.AutomationExerciseCompleteTest - === Setting up TestAutomation_with_DevTools test suite ===
2025-08-07T01:55:47.224Z [main] INFO  p.c.saucedemo.utils.MetricsExporter - ‚úÖ DevTools MetricsExporter initialized with PushGateway: localhost:9091
2025-08-07T01:55:47.254Z [main] INFO  p.c.saucedemo.utils.MetricsExporter - üìä Test Execution: AutomationExerciseCompleteTest (chrome)
2025-08-07T01:55:47.746Z [main] INFO  i.g.bonigarcia.wdm.WebDriverManager - Using chromedriver 138.0.7204.183 (resolved driver for Chrome 138)
2025-08-07T01:55:47.779Z [main] INFO  i.g.bonigarcia.wdm.WebDriverManager - Exporting webdriver.chrome.driver as C:\Users\kavci\.cache\selenium\chromedriver\win64\138.0.7204.183\chromedriver.exe
2025-08-07T01:55:50.287Z [main] INFO  p.c.saucedemo.config.WebDriverConfig - TestAutomation_with_DevTools WebDriver initialized successfully for browser: chrome
2025-08-07T01:55:50.542Z [main] INFO  p.c.s.utils.TestDataGenerator - Generated user info: UserInfo{firstName='Deandrea', lastName='Braun', email='katharine.greenfelder@hotmail.com', password='$k880!#*^!'}
2025-08-07T01:55:50.546Z [main] INFO  p.c.s.AutomationExerciseCompleteTest - TestAutomation_with_DevTools setup completed successfully with DevTools monitoring
2025-08-07T01:55:50.562Z [main] INFO  p.c.s.AutomationExerciseCompleteTest - === Step 1: Creating new account with TestAutomation_with_DevTools ===
2025-08-07T01:55:50.563Z [main] INFO  p.c.saucedemo.utils.MetricsExporter - üìä Test Execution: testCreateAccount (chrome)
2025-08-07T01:55:50.563Z [main] INFO  p.com.saucedemo.utils.SeleniumTracer - üöÄ Navigating to: https://www.automationexercise.com - Home page
2025-08-07T01:55:53.469Z [main] INFO  p.com.saucedemo.utils.SeleniumTracer - ‚úÖ Navigation completed in 2906ms: https://www.automationexercise.com
2025-08-07T01:55:53.470Z [main] INFO  p.c.s.AutomationExerciseCompleteTest - Enabling DevTools network monitoring...
2025-08-07T01:55:53.470Z [main] INFO  p.com.saucedemo.utils.NetworkTracer - Enabling DevTools network monitoring for TestAutomation_with_DevTools...
2025-08-07T01:55:53.470Z [main] INFO  p.com.saucedemo.utils.NetworkTracer - Chrome driver detected, initializing DevTools...
2025-08-07T01:55:53.474Z [main] ERROR p.com.saucedemo.utils.NetworkTracer - ‚ùå DevTools failed to initialize: You are using a no-op implementation of the CDP. The most likely reason for this is that Selenium was unable to find an implementation of the CDP protocol that matches your browser. Please be sure to include an implementation on the classpath, possibly by adding a new (maven) dependency of `org.seleniumhq.selenium:selenium-devtools-vNN:4.18.1` where `NN` matches the major version of the browser you're using.
Build info: version: '4.18.1', revision: 'b1d3319b48'
System info: os.name: 'Windows 10', os.arch: 'amd64', os.version: '10.0', java.version: '21'
Driver info: DevTools Connection
2025-08-07T01:55:53.474Z [main] ERROR p.com.saucedemo.utils.NetworkTracer - Stack trace:
org.openqa.selenium.devtools.DevToolsException: You are using a no-op implementation of the CDP. The most likely reason for this is that Selenium was unable to find an implementation of the CDP protocol that matches your browser. Please be sure to include an implementation on the classpath, possibly by adding a new (maven) dependency of `org.seleniumhq.selenium:selenium-devtools-vNN:4.18.1` where `NN` matches the major version of the browser you're using.
Build info: version: '4.18.1', revision: 'b1d3319b48'
System info: os.name: 'Windows 10', os.arch: 'amd64', os.version: '10.0', java.version: '21'
Driver info: DevTools Connection
	at org.openqa.selenium.devtools.noop.NoOpDomains.target(NoOpDomains.java:60)
	at org.openqa.selenium.devtools.DevTools.findTarget(DevTools.java:171)
	at org.openqa.selenium.devtools.DevTools.createSession(DevTools.java:131)
	at org.openqa.selenium.devtools.DevTools.createSession(DevTools.java:117)
	at proje.com.saucedemo.utils.NetworkTracer.enableNetworkLogging(NetworkTracer.java:47)
	at proje.com.saucedemo.AutomationExerciseCompleteTest.testCreateAccount(AutomationExerciseCompleteTest.java:145)
	at java.base/jdk.internal.reflect.DirectMethodHandleAccessor.invoke(DirectMethodHandleAccessor.java:103)
	at java.base/java.lang.reflect.Method.invoke(Method.java:580)
	at org.junit.platform.commons.util.ReflectionUtils.invokeMethod(ReflectionUtils.java:728)
	at org.junit.jupiter.engine.execution.MethodInvocation.proceed(MethodInvocation.java:60)
	at org.junit.jupiter.engine.execution.InvocationInterceptorChain$ValidatingInvocation.proceed(InvocationInterceptorChain.java:131)
	at org.junit.jupiter.engine.extension.TimeoutExtension.intercept(TimeoutExtension.java:156)
	at org.junit.jupiter.engine.extension.TimeoutExtension.interceptTestableMethod(TimeoutExtension.java:147)
	at org.junit.jupiter.engine.extension.TimeoutExtension.interceptTestMethod(TimeoutExtension.java:86)
	at org.junit.jupiter.engine.execution.InterceptingExecutableInvoker$ReflectiveInterceptorCall.lambda$ofVoidMethod$0(InterceptingExecutableInvoker.java:103)
	at org.junit.jupiter.engine.execution.InterceptingExecutableInvoker.lambda$invoke$0(InterceptingExecutableInvoker.java:93)
	at org.junit.jupiter.engine.execution.InvocationInterceptorChain$InterceptedInvocation.proceed(InvocationInterceptorChain.java:106)
	at org.junit.jupiter.engine.execution.InvocationInterceptorChain.proceed(InvocationInterceptorChain.java:64)
	at org.junit.jupiter.engine.execution.InvocationInterceptorChain.chainAndInvoke(InvocationInterceptorChain.java:45)
	at org.junit.jupiter.engine.execution.InvocationInterceptorChain.invoke(InvocationInterceptorChain.java:37)
	at org.junit.jupiter.engine.execution.InterceptingExecutableInvoker.invoke(InterceptingExecutableInvoker.java:92)
	at org.junit.jupiter.engine.execution.InterceptingExecutableInvoker.invoke(InterceptingExecutableInvoker.java:86)
	at org.junit.jupiter.engine.descriptor.TestMethodTestDescriptor.lambda$invokeTestMethod$7(TestMethodTestDescriptor.java:218)
	at org.junit.platform.engine.support.hierarchical.ThrowableCollector.execute(ThrowableCollector.java:73)
	at org.junit.jupiter.engine.descriptor.TestMethodTestDescriptor.invokeTestMethod(TestMethodTestDescriptor.java:214)
	at org.junit.jupiter.engine.descriptor.TestMethodTestDescriptor.execute(TestMethodTestDescriptor.java:139)
	at org.junit.jupiter.engine.descriptor.TestMethodTestDescriptor.execute(TestMethodTestDescriptor.java:69)
	at org.junit.platform.engine.support.hierarchical.NodeTestTask.lambda$executeRecursively$6(NodeTestTask.java:151)
	at org.junit.platform.engine.support.hierarchical.ThrowableCollector.execute(ThrowableCollector.java:73)
	at org.junit.platform.engine.support.hierarchical.NodeTestTask.lambda$executeRecursively$8(NodeTestTask.java:141)
	at org.junit.platform.engine.support.hierarchical.Node.around(Node.java:137)
	at org.junit.platform.engine.support.hierarchical.NodeTestTask.lambda$executeRecursively$9(NodeTestTask.java:139)
	at org.junit.platform.engine.support.hierarchical.ThrowableCollector.execute(ThrowableCollector.java:73)
	at org.junit.platform.engine.support.hierarchical.NodeTestTask.executeRecursively(NodeTestTask.java:138)
	at org.junit.platform.engine.support.hierarchical.NodeTestTask.execute(NodeTestTask.java:95)
	at java.base/java.util.ArrayList.forEach(ArrayList.java:1596)
	at org.junit.platform.engine.support.hierarchical.SameThreadHierarchicalTestExecutorService.invokeAll(SameThreadHierarchicalTestExecutorService.java:41)
	at org.junit.platform.engine.support.hierarchical.NodeTestTask.lambda$executeRecursively$6(NodeTestTask.java:155)
	at org.junit.platform.engine.support.hierarchical.ThrowableCollector.execute(ThrowableCollector.java:73)
	at org.junit.platform.engine.support.hierarchical.NodeTestTask.lambda$executeRecursively$8(NodeTestTask.java:141)
	at org.junit.platform.engine.support.hierarchical.Node.around(Node.java:137)
	at org.junit.platform.engine.support.hierarchical.NodeTestTask.lambda$executeRecursively$9(NodeTestTask.java:139)
	at org.junit.platform.engine.support.hierarchical.ThrowableCollector.execute(ThrowableCollector.java:73)
	at org.junit.platform.engine.support.hierarchical.NodeTestTask.executeRecursively(NodeTestTask.java:138)
	at org.junit.platform.engine.support.hierarchical.NodeTestTask.execute(NodeTestTask.java:95)
	at java.base/java.util.ArrayList.forEach(ArrayList.java:1596)
	at org.junit.platform.engine.support.hierarchical.SameThreadHierarchicalTestExecutorService.invokeAll(SameThreadHierarchicalTestExecutorService.java:41)
	at org.junit.platform.engine.support.hierarchical.NodeTestTask.lambda$executeRecursively$6(NodeTestTask.java:155)
	at org.junit.platform.engine.support.hierarchical.ThrowableCollector.execute(ThrowableCollector.java:73)
	at org.junit.platform.engine.support.hierarchical.NodeTestTask.lambda$executeRecursively$8(NodeTestTask.java:141)
	at org.junit.platform.engine.support.hierarchical.Node.around(Node.java:137)
	at org.junit.platform.engine.support.hierarchical.NodeTestTask.lambda$executeRecursively$9(NodeTestTask.java:139)
	at org.junit.platform.engine.support.hierarchical.ThrowableCollector.execute(ThrowableCollector.java:73)
	at org.junit.platform.engine.support.hierarchical.NodeTestTask.executeRecursively(NodeTestTask.java:138)
	at org.junit.platform.engine.support.hierarchical.NodeTestTask.execute(NodeTestTask.java:95)
	at org.junit.platform.engine.support.hierarchical.SameThreadHierarchicalTestExecutorService.submit(SameThreadHierarchicalTestExecutorService.java:35)
	at org.junit.platform.engine.support.hierarchical.HierarchicalTestExecutor.execute(HierarchicalTestExecutor.java:57)
	at org.junit.platform.engine.support.hierarchical.HierarchicalTestEngine.execute(HierarchicalTestEngine.java:54)
	at org.junit.platform.launcher.core.EngineExecutionOrchestrator.execute(EngineExecutionOrchestrator.java:198)
	at org.junit.platform.launcher.core.EngineExecutionOrchestrator.execute(EngineExecutionOrchestrator.java:169)
	at org.junit.platform.launcher.core.EngineExecutionOrchestrator.execute(EngineExecutionOrchestrator.java:93)
	at org.junit.platform.launcher.core.EngineExecutionOrchestrator.lambda$execute$0(EngineExecutionOrchestrator.java:58)
	at org.junit.platform.launcher.core.EngineExecutionOrchestrator.withInterceptedStreams(EngineExecutionOrchestrator.java:141)
	at org.junit.platform.launcher.core.EngineExecutionOrchestrator.execute(EngineExecutionOrchestrator.java:57)
	at org.junit.platform.launcher.core.DefaultLauncher.execute(DefaultLauncher.java:103)
	at org.junit.platform.launcher.core.DefaultLauncher.execute(DefaultLauncher.java:85)
	at org.junit.platform.launcher.core.DelegatingLauncher.execute(DelegatingLauncher.java:47)
	at org.junit.platform.launcher.core.SessionPerRequestLauncher.execute(SessionPerRequestLauncher.java:63)
	at com.intellij.junit5.JUnit5IdeaTestRunner.startRunnerWithArgs(JUnit5IdeaTestRunner.java:57)
	at com.intellij.rt.junit.IdeaTestRunner$Repeater$1.execute(IdeaTestRunner.java:38)
	at com.intellij.rt.execution.junit.TestsRepeater.repeat(TestsRepeater.java:11)
	at com.intellij.rt.junit.IdeaTestRunner$Repeater.startRunnerWithArgs(IdeaTestRunner.java:35)
	at com.intellij.rt.junit.JUnitStarter.prepareStreamsAndStart(JUnitStarter.java:231)
	at com.intellij.rt.junit.JUnitStarter.main(JUnitStarter.java:55)
2025-08-07T01:55:53.479Z [main] INFO  p.c.s.AutomationExerciseCompleteTest - DevTools network monitoring enabled successfully
2025-08-07T01:55:53.479Z [main] INFO  proje.com.saucedemo.pages.HomePage - Clicking on Signup/Login link
2025-08-07T01:55:55.047Z [main] INFO  proje.com.saucedemo.pages.HomePage - Successfully clicked on Signup/Login link
2025-08-07T01:55:55.048Z [main] INFO  p.com.saucedemo.utils.SeleniumTracer - üéØ Element Interaction: SignupLogin Link - click (4486ms)
2025-08-07T01:55:55.048Z [main] INFO  p.c.saucedemo.pages.SignupLoginPage - Starting signup process with name: Deandrea Braun and email: katharine.greenfelder@hotmail.com
2025-08-07T01:55:57.915Z [main] INFO  p.c.saucedemo.pages.SignupLoginPage - Signup form submitted
2025-08-07T01:55:57.916Z [main] INFO  p.com.saucedemo.utils.SeleniumTracer - üéØ Element Interaction: Signup Form - submit (7354ms)
2025-08-07T01:56:08.047Z [main] INFO  p.c.s.utils.TestDataGenerator - Generated account info: AccountInfo{title='Mr', firstName='Wilbur', lastName='Lubowitz', company='Predovic-Brakus', address1='060 Frami Coves, Port Lupitashire, MS 72741-1465', address2='246 Ilona Centers, West Juliusberg, PA 47132-2561', country='Jamaica', state='Arkansas', city='Littelmouth', zipcode='20485-6242', mobileNumber='544.741.2193 x25523', day='3', month='7', year='2018'}
2025-08-07T01:56:08.059Z [main] INFO  p.c.saucedemo.pages.SignupLoginPage - Filling account information form
2025-08-07T01:56:10.215Z [main] INFO  p.c.saucedemo.pages.SignupLoginPage - Account information form filled successfully
2025-08-07T01:56:10.215Z [main] INFO  p.com.saucedemo.utils.SeleniumTracer - üéØ Element Interaction: Account Details - fill (19653ms)
2025-08-07T01:56:10.215Z [main] INFO  p.c.saucedemo.pages.SignupLoginPage - Creating account
2025-08-07T01:56:11.954Z [main] INFO  p.c.saucedemo.pages.SignupLoginPage - Account creation initiated
2025-08-07T01:56:11.955Z [main] INFO  p.com.saucedemo.utils.SeleniumTracer - üéØ Element Interaction: Create Account Button - click (21393ms)
2025-08-07T01:56:11.988Z [main] INFO  p.c.saucedemo.pages.SignupLoginPage - Account created successfully
2025-08-07T01:56:11.988Z [main] INFO  p.c.s.v.VerificationHelper - Account created successfully
2025-08-07T01:56:11.988Z [main] INFO  p.com.saucedemo.utils.SeleniumTracer - ‚úÖ Test Step: Account Creation Verification - Verify account was created successfully (21426ms)
2025-08-07T01:56:11.988Z [main] INFO  p.com.saucedemo.utils.SeleniumTracer - ‚úÖ Test Step: Create Account - Successfully created user account (21426ms)
2025-08-07T01:56:11.989Z [main] INFO  p.c.s.AutomationExerciseCompleteTest - === Step 1 completed: Account created successfully with TestAutomation_with_DevTools ===
2025-08-07T01:56:11.999Z [main] INFO  p.c.s.AutomationExerciseCompleteTest - === Step 2: Adding products to cart with TestAutomation_with_DevTools ===
2025-08-07T01:56:11.999Z [main] INFO  p.com.saucedemo.pages.ProductsPage - Navigating to products page
2025-08-07T01:56:14.158Z [main] INFO  p.com.saucedemo.pages.ProductsPage - Successfully navigated to products page
2025-08-07T01:56:14.158Z [main] INFO  p.com.saucedemo.utils.SeleniumTracer - üåê Page Navigation: Products - https://www.automationexercise.com/products (2159ms)
2025-08-07T01:56:14.180Z [main] INFO  p.c.s.v.VerificationHelper - Products page loaded successfully
2025-08-07T01:56:14.180Z [main] INFO  p.com.saucedemo.pages.ProductsPage - Adding random product to cart
2025-08-07T01:56:14.180Z [main] INFO  p.com.saucedemo.pages.ProductsPage - Getting all add to cart buttons
2025-08-07T01:56:24.640Z [main] ERROR p.c.s.AutomationExerciseCompleteTest - Step 2 failed: Expected condition failed: waiting for element to be clickable: [[ChromeDriver: chrome on windows (33cdd17fc237417426f7217950d13f5d)] -> css selector: .add-to-cart] (tried for 10 second(s) with 500 milliseconds interval)
Build info: version: '4.18.1', revision: 'b1d3319b48'
System info: os.name: 'Windows 10', os.arch: 'amd64', os.version: '10.0', java.version: '21'
Driver info: org.openqa.selenium.chrome.ChromeDriver
Capabilities {acceptInsecureCerts: false, browserName: chrome, browserVersion: 138.0.7204.185, chrome: {chromedriverVersion: 138.0.7204.183 (e90faf484dd..., userDataDir: C:\Users\kavci\AppData\Loca...}, fedcm:accounts: true, goog:chromeOptions: {debuggerAddress: localhost:50581}, networkConnectionEnabled: false, pageLoadStrategy: normal, platformName: windows, proxy: Proxy(), se:cdp: ws://localhost:50581/devtoo..., se:cdpVersion: 138.0.7204.185, setWindowRect: true, strictFileInteractability: false, timeouts: {implicit: 0, pageLoad: 300000, script: 30000}, unhandledPromptBehavior: dismiss and notify, webauthn:extension:credBlob: true, webauthn:extension:largeBlob: true, webauthn:extension:minPinLength: true, webauthn:extension:prf: true, webauthn:virtualAuthenticators: true}
Session ID: 33cdd17fc237417426f7217950d13f5d
2025-08-07T01:56:24.640Z [main] ERROR p.com.saucedemo.utils.SeleniumTracer - ‚ùå Test Step: Add Products - Failed to add products to cart (12641ms)
2025-08-07T01:56:24.657Z [main] INFO  p.c.s.AutomationExerciseCompleteTest - === Step 3: Verifying cart products with TestAutomation_with_DevTools ===
2025-08-07T01:56:24.657Z [main] INFO  proje.com.saucedemo.pages.CartPage - Navigating to cart page
2025-08-07T01:56:35.878Z [main] ERROR p.c.s.AutomationExerciseCompleteTest - Step 3 failed: Expected condition failed: waiting for visibility of element located by By.cssSelector: .breadcrumbs h2 (tried for 10 second(s) with 500 milliseconds interval)
Build info: version: '4.18.1', revision: 'b1d3319b48'
System info: os.name: 'Windows 10', os.arch: 'amd64', os.version: '10.0', java.version: '21'
Driver info: org.openqa.selenium.chrome.ChromeDriver
Capabilities {acceptInsecureCerts: false, browserName: chrome, browserVersion: 138.0.7204.185, chrome: {chromedriverVersion: 138.0.7204.183 (e90faf484dd..., userDataDir: C:\Users\kavci\AppData\Loca...}, fedcm:accounts: true, goog:chromeOptions: {debuggerAddress: localhost:50581}, networkConnectionEnabled: false, pageLoadStrategy: normal, platformName: windows, proxy: Proxy(), se:cdp: ws://localhost:50581/devtoo..., se:cdpVersion: 138.0.7204.185, setWindowRect: true, strictFileInteractability: false, timeouts: {implicit: 0, pageLoad: 300000, script: 30000}, unhandledPromptBehavior: dismiss and notify, webauthn:extension:credBlob: true, webauthn:extension:largeBlob: true, webauthn:extension:minPinLength: true, webauthn:extension:prf: true, webauthn:virtualAuthenticators: true}
Session ID: 33cdd17fc237417426f7217950d13f5d
2025-08-07T01:56:35.879Z [main] ERROR p.com.saucedemo.utils.SeleniumTracer - ‚ùå Test Step: Verify Cart - Failed to verify cart products (11222ms)
2025-08-07T01:56:35.884Z [main] INFO  p.c.s.AutomationExerciseCompleteTest - === Step 4: Proceeding to checkout with TestAutomation_with_DevTools ===
2025-08-07T01:56:35.884Z [main] INFO  proje.com.saucedemo.pages.CartPage - Clicking on Proceed to Checkout button
2025-08-07T01:56:45.965Z [main] ERROR p.c.s.AutomationExerciseCompleteTest - Step 4 failed: Expected condition failed: waiting for element to be clickable: By.cssSelector: .btn.check_out (tried for 10 second(s) with 500 milliseconds interval)
Build info: version: '4.18.1', revision: 'b1d3319b48'
System info: os.name: 'Windows 10', os.arch: 'amd64', os.version: '10.0', java.version: '21'
Driver info: org.openqa.selenium.chrome.ChromeDriver
Capabilities {acceptInsecureCerts: false, browserName: chrome, browserVersion: 138.0.7204.185, chrome: {chromedriverVersion: 138.0.7204.183 (e90faf484dd..., userDataDir: C:\Users\kavci\AppData\Loca...}, fedcm:accounts: true, goog:chromeOptions: {debuggerAddress: localhost:50581}, networkConnectionEnabled: false, pageLoadStrategy: normal, platformName: windows, proxy: Proxy(), se:cdp: ws://localhost:50581/devtoo..., se:cdpVersion: 138.0.7204.185, setWindowRect: true, strictFileInteractability: false, timeouts: {implicit: 0, pageLoad: 300000, script: 30000}, unhandledPromptBehavior: dismiss and notify, webauthn:extension:credBlob: true, webauthn:extension:largeBlob: true, webauthn:extension:minPinLength: true, webauthn:extension:prf: true, webauthn:virtualAuthenticators: true}
Session ID: 33cdd17fc237417426f7217950d13f5d
2025-08-07T01:56:45.966Z [main] ERROR p.com.saucedemo.utils.SeleniumTracer - ‚ùå Test Step: Proceed Checkout - Failed to proceed to checkout (10082ms)
2025-08-07T01:56:45.976Z [main] INFO  p.c.s.AutomationExerciseCompleteTest - === Step 5: Filling checkout information with TestAutomation_with_DevTools ===
2025-08-07T01:56:45.981Z [main] INFO  p.c.s.utils.TestDataGenerator - Generated checkout info: CheckoutInfo{firstName='Lynda', lastName='Luettgen', postalCode='18547-9395', address='3698 Johns Mall, Harlandville, MT 26391', city='Lakieshamouth', state='Kansas', phone='458.232.4358 x3190', country='Nigeria'}
2025-08-07T01:56:45.985Z [main] INFO  p.com.saucedemo.pages.CheckoutPage - Filling delivery address information
2025-08-07T01:56:56.010Z [main] ERROR p.c.s.AutomationExerciseCompleteTest - Step 5 failed: Expected condition failed: waiting for visibility of element located by By.id: name (tried for 10 second(s) with 500 milliseconds interval)
Build info: version: '4.18.1', revision: 'b1d3319b48'
System info: os.name: 'Windows 10', os.arch: 'amd64', os.version: '10.0', java.version: '21'
Driver info: org.openqa.selenium.chrome.ChromeDriver
Capabilities {acceptInsecureCerts: false, browserName: chrome, browserVersion: 138.0.7204.185, chrome: {chromedriverVersion: 138.0.7204.183 (e90faf484dd..., userDataDir: C:\Users\kavci\AppData\Loca...}, fedcm:accounts: true, goog:chromeOptions: {debuggerAddress: localhost:50581}, networkConnectionEnabled: false, pageLoadStrategy: normal, platformName: windows, proxy: Proxy(), se:cdp: ws://localhost:50581/devtoo..., se:cdpVersion: 138.0.7204.185, setWindowRect: true, strictFileInteractability: false, timeouts: {implicit: 0, pageLoad: 300000, script: 30000}, unhandledPromptBehavior: dismiss and notify, webauthn:extension:credBlob: true, webauthn:extension:largeBlob: true, webauthn:extension:minPinLength: true, webauthn:extension:prf: true, webauthn:virtualAuthenticators: true}
Session ID: 33cdd17fc237417426f7217950d13f5d
2025-08-07T01:56:56.010Z [main] ERROR p.com.saucedemo.utils.SeleniumTracer - ‚ùå Test Step: Fill Checkout - Failed to fill checkout information (10034ms)
2025-08-07T01:56:56.013Z [main] INFO  p.c.s.AutomationExerciseCompleteTest - === Step 6: Completing payment with TestAutomation_with_DevTools ===
2025-08-07T01:56:56.014Z [main] INFO  p.com.saucedemo.pages.PaymentPage - Completing payment with random card data
2025-08-07T01:56:56.014Z [main] INFO  p.com.saucedemo.pages.PaymentPage - Filling card information
2025-08-07T01:57:06.034Z [main] ERROR p.c.s.AutomationExerciseCompleteTest - Step 6 failed: Expected condition failed: waiting for visibility of element located by By.id: name_on_card (tried for 10 second(s) with 500 milliseconds interval)
Build info: version: '4.18.1', revision: 'b1d3319b48'
System info: os.name: 'Windows 10', os.arch: 'amd64', os.version: '10.0', java.version: '21'
Driver info: org.openqa.selenium.chrome.ChromeDriver
Capabilities {acceptInsecureCerts: false, browserName: chrome, browserVersion: 138.0.7204.185, chrome: {chromedriverVersion: 138.0.7204.183 (e90faf484dd..., userDataDir: C:\Users\kavci\AppData\Loca...}, fedcm:accounts: true, goog:chromeOptions: {debuggerAddress: localhost:50581}, networkConnectionEnabled: false, pageLoadStrategy: normal, platformName: windows, proxy: Proxy(), se:cdp: ws://localhost:50581/devtoo..., se:cdpVersion: 138.0.7204.185, setWindowRect: true, strictFileInteractability: false, timeouts: {implicit: 0, pageLoad: 300000, script: 30000}, unhandledPromptBehavior: dismiss and notify, webauthn:extension:credBlob: true, webauthn:extension:largeBlob: true, webauthn:extension:minPinLength: true, webauthn:extension:prf: true, webauthn:virtualAuthenticators: true}
Session ID: 33cdd17fc237417426f7217950d13f5d
2025-08-07T01:57:06.035Z [main] ERROR p.com.saucedemo.utils.SeleniumTracer - ‚ùå Test Step: Complete Payment - Failed to complete payment (10022ms)
2025-08-07T01:57:06.041Z [main] INFO  p.c.s.AutomationExerciseCompleteTest - === Step 7: Verifying order completion with TestAutomation_with_DevTools ===
2025-08-07T01:57:06.042Z [main] INFO  proje.com.saucedemo.pages.HomePage - Navigating to AutomationExercise home page
2025-08-07T01:57:08.111Z [main] INFO  proje.com.saucedemo.pages.HomePage - Successfully navigated to home page
2025-08-07T01:57:08.111Z [main] INFO  p.com.saucedemo.utils.SeleniumTracer - üåê Page Navigation: Home - https://www.automationexercise.com (2070ms)
2025-08-07T01:57:08.135Z [main] INFO  p.c.s.v.VerificationHelper - Home page loaded successfully
2025-08-07T01:57:08.147Z [main] INFO  p.c.s.v.VerificationHelper - URL verification successful: https://www.automationexercise.com/
2025-08-07T01:57:08.147Z [main] INFO  p.com.saucedemo.utils.SeleniumTracer - ‚úÖ Test Step: Verify Completion - Successfully verified order completion (2106ms)
2025-08-07T01:57:08.147Z [main] INFO  p.c.s.AutomationExerciseCompleteTest - === Step 7 completed: Order completion verified with TestAutomation_with_DevTools ===
2025-08-07T01:57:08.149Z [main] INFO  p.c.s.AutomationExerciseCompleteTest - === Complete End-to-End Test Flow with TestAutomation_with_DevTools ===
2025-08-07T01:57:08.150Z [main] INFO  p.com.saucedemo.utils.SeleniumTracer - ‚úÖ Test Step: Complete Flow - All test steps completed successfully (1ms)
2025-08-07T01:57:08.150Z [main] INFO  p.c.s.AutomationExerciseCompleteTest - All test steps completed successfully with TestAutomation_with_DevTools!
2025-08-07T01:57:08.150Z [main] INFO  p.c.s.AutomationExerciseCompleteTest - User created: katharine.greenfelder@hotmail.com
2025-08-07T01:57:08.150Z [main] INFO  p.c.s.AutomationExerciseCompleteTest - Products added to cart and order completed
2025-08-07T01:57:08.150Z [main] INFO  p.c.s.AutomationExerciseCompleteTest - Network requests captured: 0
2025-08-07T01:57:08.151Z [main] INFO  p.c.s.AutomationExerciseCompleteTest - === Complete End-to-End Test Flow completed with TestAutomation_with_DevTools ===
2025-08-07T01:57:08.154Z [main] INFO  p.c.s.AutomationExerciseCompleteTest - === Cleaning up TestAutomation_with_DevTools test resources ===
2025-08-07T01:57:08.155Z [main] INFO  p.c.s.AutomationExerciseCompleteTest - DevTools enabled: false
2025-08-07T01:57:08.155Z [main] INFO  p.c.s.AutomationExerciseCompleteTest - Total HTTP requests captured: 0
2025-08-07T01:57:08.167Z [main] ERROR p.c.saucedemo.utils.MetricsExporter - Failed to push metrics to PushGateway: Response code from http://localhost:9091/metrics/job/selenium-devtools-metrics/browser/chrome/test_name/AutomationExerciseCompleteTest was 400, response body: pushed metrics are invalid or inconsistent with existing metrics: 4 error(s) occurred:
* collected metric "test_execution_count_created" { label:{name:"browser" value:"chrome"} label:{name:"instance" value:""} label:{name:"job" value:"selenium-devtools-metrics"} label:{name:"status" value:"started"} label:{name:"test_name" value:"AutomationExerciseCompleteTest"} gauge:{value:1.754520950562e+09}} was collected before with the same name and label values
* collected metric "test_execution_count_total" { label:{name:"browser" value:"chrome"} label:{name:"instance" value:""} label:{name:"job" value:"selenium-devtools-metrics"} label:{name:"status" value:"started"} label:{name:"test_name" value:"AutomationExerciseCompleteTest"} counter:{value:1}} was collected before with the same name and label values
* collected metric "test_success_count_created" { label:{name:"browser" value:"chrome"} label:{name:"instance" value:""} label:{name:"job" value:"selenium-devtools-metrics"} label:{name:"test_name" value:"AutomationExerciseCompleteTest"} gauge:{value:1.754520971988e+09}} was collected before with the same name and label values
* collected metric "test_success_count_total" { label:{name:"browser" value:"chrome"} label:{name:"instance" value:""} label:{name:"job" value:"selenium-devtools-metrics"} label:{name:"test_name" value:"AutomationExerciseCompleteTest"} counter:{value:1}} was collected before with the same name and label values

2025-08-07T01:57:08.171Z [main] INFO  p.com.saucedemo.utils.NetworkTracer - DevTools session closed for TestAutomation_with_DevTools
2025-08-07T01:57:09.337Z [main] INFO  p.c.saucedemo.config.WebDriverConfig - TestAutomation_with_DevTools WebDriver quit successfully
2025-08-07T01:57:09.337Z [main] INFO  p.c.s.AutomationExerciseCompleteTest - WebDriver quit successfully
2025-08-07T01:57:09.337Z [main] INFO  p.c.s.AutomationExerciseCompleteTest - === TestAutomation_with_DevTools test suite cleanup completed ===
2025-08-07T02:21:31.436Z [main] INFO  p.c.s.AutomationExerciseCompleteTest - === Setting up TestAutomation_with_DevTools test suite ===
2025-08-07T02:21:31.450Z [main] INFO  p.c.saucedemo.utils.MetricsExporter - ‚úÖ DevTools MetricsExporter initialized with PushGateway: localhost:9091
2025-08-07T02:21:31.471Z [main] INFO  p.c.saucedemo.utils.MetricsExporter - üìä Test Execution: AutomationExerciseCompleteTest (chrome)
2025-08-07T02:21:32.031Z [main] INFO  i.g.bonigarcia.wdm.WebDriverManager - Using chromedriver 138.0.7204.183 (resolved driver for Chrome 138)
2025-08-07T02:21:32.067Z [main] INFO  i.g.bonigarcia.wdm.WebDriverManager - Exporting webdriver.chrome.driver as C:\Users\kavci\.cache\selenium\chromedriver\win64\138.0.7204.183\chromedriver.exe
2025-08-07T02:21:34.115Z [main] INFO  p.c.saucedemo.config.WebDriverConfig - TestAutomation_with_DevTools WebDriver initialized successfully for browser: chrome
2025-08-07T02:21:34.351Z [main] INFO  p.c.s.utils.TestDataGenerator - Generated user info: UserInfo{firstName='Milford', lastName='Kuhn', email='melissa.corkery@yahoo.com', password='D!&yTAxbJ'}
2025-08-07T02:21:34.356Z [main] INFO  p.c.s.AutomationExerciseCompleteTest - TestAutomation_with_DevTools setup completed successfully with DevTools monitoring
2025-08-07T02:21:34.374Z [main] INFO  p.c.s.AutomationExerciseCompleteTest - === Step 5: Filling checkout information with TestAutomation_with_DevTools ===
2025-08-07T02:21:34.395Z [main] INFO  p.c.s.utils.TestDataGenerator - Generated checkout info: CheckoutInfo{firstName='Chad', lastName='Haag', postalCode='64081', address='06079 Bednar Port, Porterfurt, OH 64000', city='Lake Tish', state='Texas', phone='(354) 048-7901 x3464', country='Sri Lanka'}
2025-08-07T02:21:34.398Z [main] INFO  p.com.saucedemo.pages.CheckoutPage - Filling delivery address information
2025-08-07T02:21:44.442Z [main] ERROR p.c.s.AutomationExerciseCompleteTest - Step 5 failed: Expected condition failed: waiting for visibility of element located by By.id: name (tried for 10 second(s) with 500 milliseconds interval)
Build info: version: '4.18.1', revision: 'b1d3319b48'
System info: os.name: 'Windows 10', os.arch: 'amd64', os.version: '10.0', java.version: '21'
Driver info: org.openqa.selenium.chrome.ChromeDriver
Capabilities {acceptInsecureCerts: false, browserName: chrome, browserVersion: 138.0.7204.185, chrome: {chromedriverVersion: 138.0.7204.183 (e90faf484dd..., userDataDir: C:\Users\kavci\AppData\Loca...}, fedcm:accounts: true, goog:chromeOptions: {debuggerAddress: localhost:52201}, networkConnectionEnabled: false, pageLoadStrategy: normal, platformName: windows, proxy: Proxy(), se:cdp: ws://localhost:52201/devtoo..., se:cdpVersion: 138.0.7204.185, setWindowRect: true, strictFileInteractability: false, timeouts: {implicit: 0, pageLoad: 300000, script: 30000}, unhandledPromptBehavior: dismiss and notify, webauthn:extension:credBlob: true, webauthn:extension:largeBlob: true, webauthn:extension:minPinLength: true, webauthn:extension:prf: true, webauthn:virtualAuthenticators: true}
Session ID: bd2d318403616250d0a8bfb441287167
2025-08-07T02:21:44.443Z [main] ERROR p.com.saucedemo.utils.SeleniumTracer - ‚ùå Test Step: Fill Checkout - Failed to fill checkout information (10069ms)
2025-08-07T02:21:44.471Z [main] INFO  p.c.s.AutomationExerciseCompleteTest - === Cleaning up TestAutomation_with_DevTools test resources ===
2025-08-07T02:21:44.471Z [main] INFO  p.c.saucedemo.utils.MetricsExporter - üìä Test Success: AutomationExerciseCompleteTest (chrome)
2025-08-07T02:21:44.472Z [main] INFO  p.c.s.AutomationExerciseCompleteTest - DevTools enabled: false
2025-08-07T02:21:44.472Z [main] INFO  p.c.s.AutomationExerciseCompleteTest - Total HTTP requests captured: 0
2025-08-07T02:21:46.502Z [main] INFO  p.c.saucedemo.config.WebDriverConfig - TestAutomation_with_DevTools WebDriver quit successfully
2025-08-07T02:21:46.502Z [main] INFO  p.c.s.AutomationExerciseCompleteTest - WebDriver quit successfully
2025-08-07T02:21:46.502Z [main] INFO  p.c.s.AutomationExerciseCompleteTest - === TestAutomation_with_DevTools test suite cleanup completed ===
